[0m2021-11-03 03:46:48 V/Net 123456: No server list cached.[0m
[92m2021-11-03 03:46:50 I/Net 123456: ECDH key is invalid, start to fetch ecdh public key from server.[0m
[92m2021-11-03 03:46:51 I/Net 123456: Successfully fetched ecdh public key from server.[0m
[0m2021-11-03 03:46:51 V/Net 123456: Send: wtlogin.login[0m
[0m2021-11-03 03:46:52 V/Net 123456: Recv: wtlogin.login[0m
[0m2021-11-03 03:47:20 V/Net 123456: Send: wtlogin.login[0m
[0m2021-11-03 03:47:20 V/Net 123456: Recv: wtlogin.login[0m
[91m2021-11-03 03:47:20 W/Net 123456: net.mamoe.mirai.network.WrongPasswordException: Error(bot=Bot(123456), code=237, title=ç¦æ­¢ç™»å½•, message=å½“å‰ä¸Šç½‘ç¯å¢ƒå¼‚å¸¸ï¼Œè¯·æ›´æ¢ç½‘ç»œç¯å¢ƒæˆ–åœ¨å¸¸ç”¨è®¾å¤‡ä¸Šç™»å½•æˆ–ç¨åå†è¯•ã€‚, errorInfo=), tips=è‹¥é¢‘ç¹å‡ºç°, è¯·å°è¯•å¼€å¯è®¾å¤‡é”
net.mamoe.mirai.network.WrongPasswordException: Error(bot=Bot(123456), code=237, title=ç¦æ­¢ç™»å½•, message=å½“å‰ä¸Šç½‘ç¯å¢ƒå¼‚å¸¸ï¼Œè¯·æ›´æ¢ç½‘ç»œç¯å¢ƒæˆ–åœ¨å¸¸ç”¨è®¾å¤‡ä¸Šç™»å½•æˆ–ç¨åå†è¯•ã€‚, errorInfo=), tips=è‹¥é¢‘ç¹å‡ºç°, è¯·å°è¯•å¼€å¯è®¾å¤‡é”
	at net.mamoe.mirai.internal.network.components.SsoProcessorImpl$SlowLoginImpl.doLogin(SsoProcessor.kt:265)
	at net.mamoe.mirai.internal.network.components.SsoProcessorImpl$SlowLoginImpl$doLogin$1.invokeSuspend(SsoProcessor.kt)
	at kotlin.coroutines.jvm.internal.BaseContinuationImpl.resumeWith(ContinuationImpl.kt:33)
	at kotlinx.coroutines.internal.ScopeCoroutine.afterResume(Scopes.kt:33)
	at kotlinx.coroutines.AbstractCoroutine.resumeWith(AbstractCoroutine.kt:102)
	at kotlin.coroutines.jvm.internal.BaseContinuationImpl.resumeWith(ContinuationImpl.kt:46)
	at kotlinx.coroutines.DispatchedTask.run(DispatchedTask.kt:106)
	at kotlinx.coroutines.scheduling.CoroutineScheduler.runSafely(CoroutineScheduler.kt:571)
	at kotlinx.coroutines.scheduling.CoroutineScheduler$Worker.executeTask(CoroutineScheduler.kt:750)
	at kotlinx.coroutines.scheduling.CoroutineScheduler$Worker.runWorker(CoroutineScheduler.kt:678)
	at kotlinx.coroutines.scheduling.CoroutineScheduler$Worker.run(CoroutineScheduler.kt:665)
[0m
